15:25:45 **** Incremental Build of configuration Debug for project task_schedular ****
make -j4 all 
arm-none-eabi-gcc "../Src/main.c" -mcpu=cortex-m0 -std=gnu11 -g3 -DDEBUG -DSTM32F030R8Tx -DSTM32 -DSTM32F0 -DSTM32F0308_DISCO -c -I../Inc -O0 -ffunction-sections -fdata-sections -Wall -fstack-usage -MMD -MP -MF"Src/main.d" -MT"Src/main.o" --specs=nano.specs -mfloat-abi=soft -mthumb -o "Src/main.o"
../Src/main.c:40:1: warning: 'nacked' attribute directive ignored [-Wattributes]
   40 | __attribute__((nacked)) void switch_sp_to_psp();
      | ^~~~~~~~~~~~~
../Src/main.c:43:1: warning: 'nacked' attribute directive ignored [-Wattributes]
   43 | __attribute__((nacked)) void init_schedular_stack(uint32_t);
      | ^~~~~~~~~~~~~
../Src/main.c: In function 'main':
../Src/main.c:49:19: warning: assignment to 'uint32_t' {aka 'long unsigned int'} from 'uint32_t *' {aka 'long unsigned int *'} makes integer from pointer without a cast [-Wint-conversion]
   49 |  task_handlers[0] = (uint32_t *)task1_handler;
      |                   ^
../Src/main.c:50:19: warning: assignment to 'uint32_t' {aka 'long unsigned int'} from 'uint32_t *' {aka 'long unsigned int *'} makes integer from pointer without a cast [-Wint-conversion]
   50 |  task_handlers[1] = (uint32_t *)task2_handler;
      |                   ^
../Src/main.c:51:19: warning: assignment to 'uint32_t' {aka 'long unsigned int'} from 'uint32_t *' {aka 'long unsigned int *'} makes integer from pointer without a cast [-Wint-conversion]
   51 |  task_handlers[2] = (uint32_t *)task3_handler;
      |                   ^
../Src/main.c:52:19: warning: assignment to 'uint32_t' {aka 'long unsigned int'} from 'uint32_t *' {aka 'long unsigned int *'} makes integer from pointer without a cast [-Wint-conversion]
   52 |  task_handlers[3] = (uint32_t *)task4_handler;
      |                   ^
../Src/main.c: At top level:
../Src/main.c:141:1: warning: 'nacked' attribute directive ignored [-Wattributes]
  141 | {
      | ^
../Src/main.c:181:1: warning: 'nacked' attribute directive ignored [-Wattributes]
  181 | {
      | ^
C:\Users\saka6\AppData\Local\Temp\ccfkoJ4E.s: Assembler messages:
C:\Users\saka6\AppData\Local\Temp\ccfkoJ4E.s:420: Error: selected processor does not support `stmdb R0!,{R4-R14}' in Thumb mode
C:\Users\saka6\AppData\Local\Temp\ccfkoJ4E.s:436: Error: lo register required -- `ldmia R0!,{R4-R14}'
C:\Users\saka6\AppData\Local\Temp\ccfkoJ4E.s:681: Error: invalid register list to push/pop instruction -- `pop {LR}'
make: *** [Src/subdir.mk:25: Src/main.o] Error 1
"make -j4 all" terminated with exit code 2. Build might be incomplete.

15:25:45 Build Failed. 4 errors, 8 warnings. (took 641ms)

